#
# There is insufficient memory for the Java Runtime Environment to continue.
# Native memory allocation (mmap) failed to map 47185920 bytes for G1 virtual space
# Possible reasons:
#   The system is out of physical RAM or swap space
#   The process is running with CompressedOops enabled, and the Java Heap may be blocking the growth of the native heap
# Possible solutions:
#   Reduce memory load on the system
#   Increase physical memory or swap space
#   Check if swap backing store is full
#   Decrease Java heap size (-Xmx/-Xms)
#   Decrease number of Java threads
#   Decrease Java thread stack sizes (-Xss)
#   Set larger code cache with -XX:ReservedCodeCacheSize=
#   JVM is running with Unscaled Compressed Oops mode in which the Java heap is
#     placed in the first 4GB address space. The Java Heap base address is the
#     maximum limit for the native heap growth. Please use -XX:HeapBaseMinAddress
#     to set the Java Heap base and to place the Java Heap above 4GB virtual address.
# This output file may be truncated or incomplete.
#
#  Out of Memory Error (os_windows.cpp:3552), pid=26028, tid=19356
#
# JRE version: Java(TM) SE Runtime Environment (17.0.9+11) (build 17.0.9+11-LTS-201)
# Java VM: Java HotSpot(TM) 64-Bit Server VM (17.0.9+11-LTS-201, mixed mode, sharing, tiered, compressed oops, compressed class ptrs, g1 gc, windows-amd64)
# No core dump will be written. Minidumps are not enabled by default on client versions of Windows
#

---------------  S U M M A R Y ------------

Command Line: -Dmaven.home=EMBEDDED -Dclassworlds.conf=C:\Users\Admin\Documents\workspace-spring-tool-suite-4-4.20.0.RELEASE\.metadata\.plugins\org.eclipse.m2e.launching\launches\m2conf5667629436502550723.tmp -Dmaven.multiModuleProjectDirectory=C:\Users\Admin\Documents\DesarrollosUdm\crud_springboot_jwt_angular\sistema.crud.productos -Dm2e.build.project.data.socket.port=63403 -Dfile.encoding=UTF-8 -Dstdout.encoding=UTF-8 -Dstderr.encoding=UTF-8 -XX:+ShowCodeDetailsInExceptionMessages org.codehaus.plexus.classworlds.launcher.Launcher -B -Dstyle.color=always install

Host: Intel(R) Core(TM) i5-10210U CPU @ 1.60GHz, 8 cores, 7G,  Windows 10 , 64 bit Build 19041 (10.0.19041.3636)
Time: Mon Jun 24 12:29:09 2024 Hora est. Pacífico, Sudamérica elapsed time: 10.638346 seconds (0d 0h 0m 10s)

---------------  T H R E A D  ---------------

Current thread (0x00000221c48a67c0):  VMThread "VM Thread" [stack: 0x000000b478c00000,0x000000b478d00000] [id=19356]

Stack: [0x000000b478c00000,0x000000b478d00000]
Native frames: (J=compiled Java code, j=interpreted, Vv=VM code, C=native code)
V  [jvm.dll+0x678a4a]
V  [jvm.dll+0x7d9cfd]
V  [jvm.dll+0x7db60e]
V  [jvm.dll+0x7dbc73]
V  [jvm.dll+0x245e1f]
V  [jvm.dll+0x6758f9]
V  [jvm.dll+0x66a2a2]
V  [jvm.dll+0x303686]
V  [jvm.dll+0x30ac06]
V  [jvm.dll+0x35a48e]
V  [jvm.dll+0x35a6bf]
V  [jvm.dll+0x2da678]
V  [jvm.dll+0x2d8a85]
V  [jvm.dll+0x2d808c]
V  [jvm.dll+0x31bca1]
V  [jvm.dll+0x7e048b]
V  [jvm.dll+0x7e11c4]
V  [jvm.dll+0x7e16dd]
V  [jvm.dll+0x7e1ab4]
V  [jvm.dll+0x7e1b80]
V  [jvm.dll+0x78998a]
V  [jvm.dll+0x677875]
C  [ucrtbase.dll+0x21bb2]
C  [KERNEL32.DLL+0x17344]
C  [ntdll.dll+0x4cc91]

VM_Operation (0x000000b4786fbc38): G1TryInitiateConcMark, mode: safepoint, requested by thread 0x00000221a6873a30


---------------  P R O C E S S  ---------------

Threads class SMR info:
_java_thread_list=0x000002220a43a3e0, length=13, elements={
0x00000221a6873a30, 0x00000221c48ab2e0, 0x00000221c48ac070, 0x00000221c48bd3c0,
0x00000221c48bde90, 0x00000221c48c0b70, 0x00000221c48c1440, 0x00000221c48ce610,
0x00000221c48cefd0, 0x00000221c48d20d0, 0x00000221c4b54cc0, 0x00000221c4b66a00,
0x000002220a20f020
}

Java Threads: ( => current thread )
  0x00000221a6873a30 JavaThread "main" [_thread_blocked, id=11736, stack(0x000000b478600000,0x000000b478700000)]
  0x00000221c48ab2e0 JavaThread "Reference Handler" daemon [_thread_blocked, id=2968, stack(0x000000b478d00000,0x000000b478e00000)]
  0x00000221c48ac070 JavaThread "Finalizer" daemon [_thread_blocked, id=7920, stack(0x000000b478e00000,0x000000b478f00000)]
  0x00000221c48bd3c0 JavaThread "Signal Dispatcher" daemon [_thread_blocked, id=1524, stack(0x000000b478f00000,0x000000b479000000)]
  0x00000221c48bde90 JavaThread "Attach Listener" daemon [_thread_blocked, id=20496, stack(0x000000b479000000,0x000000b479100000)]
  0x00000221c48c0b70 JavaThread "Service Thread" daemon [_thread_blocked, id=18564, stack(0x000000b479100000,0x000000b479200000)]
  0x00000221c48c1440 JavaThread "Monitor Deflation Thread" daemon [_thread_blocked, id=10292, stack(0x000000b479200000,0x000000b479300000)]
  0x00000221c48ce610 JavaThread "C2 CompilerThread0" daemon [_thread_blocked, id=19372, stack(0x000000b479300000,0x000000b479400000)]
  0x00000221c48cefd0 JavaThread "C1 CompilerThread0" daemon [_thread_blocked, id=21740, stack(0x000000b479400000,0x000000b479500000)]
  0x00000221c48d20d0 JavaThread "Sweeper thread" daemon [_thread_blocked, id=7016, stack(0x000000b479500000,0x000000b479600000)]
  0x00000221c4b54cc0 JavaThread "Notification Thread" daemon [_thread_blocked, id=2940, stack(0x000000b479600000,0x000000b479700000)]
  0x00000221c4b66a00 JavaThread "Common-Cleaner" daemon [_thread_blocked, id=5232, stack(0x000000b479800000,0x000000b479900000)]
  0x000002220a20f020 JavaThread "C2 CompilerThread1" daemon [_thread_in_native, id=2916, stack(0x000000b479900000,0x000000b479a00000)]

Other Threads:
=>0x00000221c48a67c0 VMThread "VM Thread" [stack: 0x000000b478c00000,0x000000b478d00000] [id=19356]
  0x00000221a68ea070 WatcherThread [stack: 0x000000b479700000,0x000000b479800000] [id=2704]
  0x00000221a68ccee0 GCTaskThread "GC Thread#0" [stack: 0x000000b478700000,0x000000b478800000] [id=3652]
  0x000002220a565c80 GCTaskThread "GC Thread#1" [stack: 0x000000b479a00000,0x000000b479b00000] [id=24284]
  0x000002220a565f40 GCTaskThread "GC Thread#2" [stack: 0x000000b479b00000,0x000000b479c00000] [id=12164]
  0x000002220a9285f0 GCTaskThread "GC Thread#3" [stack: 0x000000b479c00000,0x000000b479d00000] [id=27272]
  0x000002220a9288b0 GCTaskThread "GC Thread#4" [stack: 0x000000b479d00000,0x000000b479e00000] [id=13088]
  0x000002220a92af90 GCTaskThread "GC Thread#5" [stack: 0x000000b479e00000,0x000000b479f00000] [id=15880]
  0x000002220a92cb60 GCTaskThread "GC Thread#6" [stack: 0x000000b479f00000,0x000000b47a000000] [id=24804]
  0x000002220a92bda0 GCTaskThread "GC Thread#7" [stack: 0x000000b47a000000,0x000000b47a100000] [id=25228]
  0x00000221a68dff80 ConcurrentGCThread "G1 Main Marker" [stack: 0x000000b478800000,0x000000b478900000] [id=24676]
  0x00000221a68e18b0 ConcurrentGCThread "G1 Conc#0" [stack: 0x000000b478900000,0x000000b478a00000] [id=22200]
  0x000002220a92c060 ConcurrentGCThread "G1 Conc#1" [stack: 0x000000b47a100000,0x000000b47a200000] [id=25628]
  0x00000221c47620b0 ConcurrentGCThread "G1 Refine#0" [stack: 0x000000b478a00000,0x000000b478b00000] [id=10656]
  0x000002220ae41810 ConcurrentGCThread "G1 Refine#1" [stack: 0x000000b47a200000,0x000000b47a300000] [id=25808]
  0x00000221c47629f0 ConcurrentGCThread "G1 Service" [stack: 0x000000b478b00000,0x000000b478c00000] [id=19048]

Threads with active compile tasks:
C2 CompilerThread0    10702 7131       4       com.sun.tools.javac.code.Symtab::lookupPackage (259 bytes)
C2 CompilerThread1    10702 7017       4       com.sun.tools.javac.jvm.PoolReader::resolve (344 bytes)

VM state: at safepoint (normal execution)

VM Mutex/Monitor currently owned by a thread:  ([mutex/lock_event])
[0x00000221a686cd40] Threads_lock - owner thread: 0x00000221c48a67c0
[0x00000221a686dac0] Heap_lock - owner thread: 0x00000221a6873a30

Heap address: 0x0000000082c00000, size: 2004 MB, Compressed Oops mode: 32-bit

CDS archive(s) mapped at: [0x00000221c5000000-0x00000221c5bd0000-0x00000221c5bd0000), size 12386304, SharedBaseAddress: 0x00000221c5000000, ArchiveRelocationMode: 1.
Compressed class space mapped at: 0x00000221c6000000-0x0000022206000000, reserved size: 1073741824
Narrow klass base: 0x00000221c5000000, Narrow klass shift: 0, Narrow klass range: 0x100000000

GC Precious Log:
 CPUs: 8 total, 8 available
 Memory: 8014M
 Large Page Support: Disabled
 NUMA Support: Disabled
 Compressed Oops: Enabled (32-bit)
 Heap Region Size: 1M
 Heap Min Capacity: 8M
 Heap Initial Capacity: 126M
 Heap Max Capacity: 2004M
 Pre-touch: Disabled
 Parallel Workers: 8
 Concurrent Workers: 2
 Concurrent Refinement Workers: 8
 Periodic GC: Disabled

Heap:
 garbage-first heap   total 93184K, used 54507K [0x0000000082c00000, 0x0000000100000000)
  region size 1024K, 2 young (2048K), 2 survivors (2048K)
 Metaspace       used 29908K, committed 30208K, reserved 1114112K
  class space    used 3358K, committed 3520K, reserved 1048576K

Heap Regions: E=young(eden), S=young(survivor), O=old, HS=humongous(starts), HC=humongous(continues), CS=collection set, F=free, OA=open archive, CA=closed archive, TAMS=top-at-mark-start (previous, next)
|   0|0x0000000082c00000, 0x0000000082d00000, 0x0000000082d00000|100%| O|  |TAMS 0x0000000082d00000, 0x0000000082d00000| Untracked 
|   1|0x0000000082d00000, 0x0000000082e00000, 0x0000000082e00000|100%| O|  |TAMS 0x0000000082e00000, 0x0000000082e00000| Untracked 
|   2|0x0000000082e00000, 0x0000000082f00000, 0x0000000082f00000|100%| O|  |TAMS 0x0000000082f00000, 0x0000000082f00000| Untracked 
|   3|0x0000000082f00000, 0x0000000083000000, 0x0000000083000000|100%| O|  |TAMS 0x0000000083000000, 0x0000000083000000| Untracked 
|   4|0x0000000083000000, 0x0000000083100000, 0x0000000083100000|100%| O|  |TAMS 0x0000000083100000, 0x0000000083100000| Untracked 
|   5|0x0000000083100000, 0x0000000083200000, 0x0000000083200000|100%| O|  |TAMS 0x0000000083200000, 0x0000000083200000| Untracked 
|   6|0x0000000083200000, 0x0000000083300000, 0x0000000083300000|100%| O|  |TAMS 0x0000000083300000, 0x0000000083300000| Untracked 
|   7|0x0000000083300000, 0x0000000083400000, 0x0000000083400000|100%| O|  |TAMS 0x0000000083400000, 0x0000000083400000| Untracked 
|   8|0x0000000083400000, 0x0000000083500000, 0x0000000083500000|100%| O|  |TAMS 0x0000000083500000, 0x0000000083500000| Untracked 
|   9|0x0000000083500000, 0x0000000083600000, 0x0000000083600000|100%| O|  |TAMS 0x0000000083600000, 0x0000000083600000| Untracked 
|  10|0x0000000083600000, 0x0000000083700000, 0x0000000083700000|100%| O|  |TAMS 0x0000000083700000, 0x0000000083700000| Untracked 
|  11|0x0000000083700000, 0x0000000083800000, 0x0000000083800000|100%| O|  |TAMS 0x0000000083800000, 0x0000000083800000| Untracked 
|  12|0x0000000083800000, 0x0000000083900000, 0x0000000083900000|100%| O|  |TAMS 0x0000000083800000, 0x0000000083800000| Untracked 
|  13|0x0000000083900000, 0x0000000083a00000, 0x0000000083a00000|100%|HS|  |TAMS 0x0000000083a00000, 0x0000000083a00000| Complete 
|  14|0x0000000083a00000, 0x0000000083b00000, 0x0000000083b00000|100%| O|  |TAMS 0x0000000083b00000, 0x0000000083b00000| Untracked 
|  15|0x0000000083b00000, 0x0000000083c00000, 0x0000000083c00000|100%| O|  |TAMS 0x0000000083c00000, 0x0000000083c00000| Untracked 
|  16|0x0000000083c00000, 0x0000000083d00000, 0x0000000083d00000|100%| O|  |TAMS 0x0000000083d00000, 0x0000000083d00000| Untracked 
|  17|0x0000000083d00000, 0x0000000083e00000, 0x0000000083e00000|100%| O|  |TAMS 0x0000000083e00000, 0x0000000083e00000| Untracked 
|  18|0x0000000083e00000, 0x0000000083f00000, 0x0000000083f00000|100%| O|  |TAMS 0x0000000083f00000, 0x0000000083f00000| Untracked 
|  19|0x0000000083f00000, 0x0000000084000000, 0x0000000084000000|100%| O|  |TAMS 0x0000000084000000, 0x0000000084000000| Untracked 
|  20|0x0000000084000000, 0x0000000084100000, 0x0000000084100000|100%| O|  |TAMS 0x0000000084100000, 0x0000000084100000| Untracked 
|  21|0x0000000084100000, 0x0000000084200000, 0x0000000084200000|100%| O|  |TAMS 0x0000000084180000, 0x0000000084200000| Untracked 
|  22|0x0000000084200000, 0x0000000084300000, 0x0000000084300000|100%| O|  |TAMS 0x0000000084200000, 0x0000000084300000| Untracked 
|  23|0x0000000084300000, 0x0000000084400000, 0x0000000084400000|100%| O|  |TAMS 0x0000000084300000, 0x0000000084400000| Untracked 
|  24|0x0000000084400000, 0x0000000084500000, 0x0000000084500000|100%| O|  |TAMS 0x0000000084500000, 0x0000000084500000| Untracked 
|  25|0x0000000084500000, 0x0000000084600000, 0x0000000084600000|100%| O|  |TAMS 0x0000000084600000, 0x0000000084600000| Untracked 
|  26|0x0000000084600000, 0x0000000084700000, 0x0000000084700000|100%| O|  |TAMS 0x0000000084700000, 0x0000000084700000| Untracked 
|  27|0x0000000084700000, 0x0000000084800000, 0x0000000084800000|100%| O|  |TAMS 0x0000000084800000, 0x0000000084800000| Untracked 
|  28|0x0000000084800000, 0x0000000084900000, 0x0000000084900000|100%| O|  |TAMS 0x0000000084900000, 0x0000000084900000| Untracked 
|  29|0x0000000084900000, 0x0000000084a00000, 0x0000000084a00000|100%| O|  |TAMS 0x0000000084a00000, 0x0000000084a00000| Untracked 
|  30|0x0000000084a00000, 0x0000000084b00000, 0x0000000084b00000|100%| O|  |TAMS 0x0000000084b00000, 0x0000000084b00000| Untracked 
|  31|0x0000000084b00000, 0x0000000084c00000, 0x0000000084c00000|100%| O|  |TAMS 0x0000000084b00000, 0x0000000084c00000| Untracked 
|  32|0x0000000084c00000, 0x0000000084d00000, 0x0000000084d00000|100%|HS|  |TAMS 0x0000000084c00000, 0x0000000084d00000| Complete 
|  33|0x0000000084d00000, 0x0000000084e00000, 0x0000000084e00000|100%| O|  |TAMS 0x0000000084d00000, 0x0000000084e00000| Untracked 
|  34|0x0000000084e00000, 0x0000000084f00000, 0x0000000084f00000|100%| O|  |TAMS 0x0000000084e00000, 0x0000000084ef8a00| Untracked 
|  35|0x0000000084f00000, 0x0000000085000000, 0x0000000085000000|100%| O|  |TAMS 0x0000000084f00000, 0x0000000084f00000| Untracked 
|  36|0x0000000085000000, 0x00000000850b8c00, 0x0000000085100000| 72%| O|  |TAMS 0x0000000085000000, 0x0000000085000000| Untracked 
|  37|0x0000000085100000, 0x0000000085100000, 0x0000000085200000|  0%| F|  |TAMS 0x0000000085100000, 0x0000000085100000| Untracked 
|  38|0x0000000085200000, 0x0000000085200000, 0x0000000085300000|  0%| F|  |TAMS 0x0000000085200000, 0x0000000085200000| Untracked 
|  39|0x0000000085300000, 0x0000000085300000, 0x0000000085400000|  0%| F|  |TAMS 0x0000000085300000, 0x0000000085300000| Untracked 
|  40|0x0000000085400000, 0x0000000085400000, 0x0000000085500000|  0%| F|  |TAMS 0x0000000085400000, 0x0000000085400000| Untracked 
|  41|0x0000000085500000, 0x0000000085500000, 0x0000000085600000|  0%| F|  |TAMS 0x0000000085500000, 0x0000000085500000| Untracked 
|  42|0x0000000085600000, 0x0000000085600000, 0x0000000085700000|  0%| F|  |TAMS 0x0000000085600000, 0x0000000085600000| Untracked 
|  43|0x0000000085700000, 0x0000000085700000, 0x0000000085800000|  0%| F|  |TAMS 0x0000000085700000, 0x0000000085700000| Untracked 
|  44|0x0000000085800000, 0x0000000085900000, 0x0000000085900000|100%| O|  |TAMS 0x0000000085900000, 0x0000000085900000| Untracked 
|  45|0x0000000085900000, 0x0000000085a00000, 0x0000000085a00000|100%| O|  |TAMS 0x0000000085a00000, 0x0000000085a00000| Untracked 
|  46|0x0000000085a00000, 0x0000000085b00000, 0x0000000085b00000|100%| O|  |TAMS 0x0000000085b00000, 0x0000000085b00000| Untracked 
|  47|0x0000000085b00000, 0x0000000085c00000, 0x0000000085c00000|100%| O|  |TAMS 0x0000000085c00000, 0x0000000085c00000| Untracked 
|  48|0x0000000085c00000, 0x0000000085d00000, 0x0000000085d00000|100%| O|  |TAMS 0x0000000085d00000, 0x0000000085d00000| Untracked 
|  49|0x0000000085d00000, 0x0000000085d00000, 0x0000000085e00000|  0%| F|  |TAMS 0x0000000085d00000, 0x0000000085d00000| Untracked 
|  50|0x0000000085e00000, 0x0000000085e00000, 0x0000000085f00000|  0%| F|  |TAMS 0x0000000085e00000, 0x0000000085e00000| Untracked 
|  51|0x0000000085f00000, 0x0000000085f00000, 0x0000000086000000|  0%| F|  |TAMS 0x0000000085f00000, 0x0000000085f00000| Untracked 
|  52|0x0000000086000000, 0x0000000086000000, 0x0000000086100000|  0%| F|  |TAMS 0x0000000086000000, 0x0000000086000000| Untracked 
|  53|0x0000000086100000, 0x0000000086100000, 0x0000000086200000|  0%| F|  |TAMS 0x0000000086100000, 0x0000000086100000| Untracked 
|  54|0x0000000086200000, 0x0000000086200000, 0x0000000086300000|  0%| F|  |TAMS 0x0000000086200000, 0x0000000086200000| Untracked 
|  55|0x0000000086300000, 0x0000000086300000, 0x0000000086400000|  0%| F|  |TAMS 0x0000000086300000, 0x0000000086300000| Untracked 
|  56|0x0000000086400000, 0x0000000086400000, 0x0000000086500000|  0%| F|  |TAMS 0x0000000086400000, 0x0000000086400000| Untracked 
|  57|0x0000000086500000, 0x0000000086500000, 0x0000000086600000|  0%| F|  |TAMS 0x0000000086500000, 0x0000000086500000| Untracked 
|  58|0x0000000086600000, 0x0000000086600000, 0x0000000086700000|  0%| F|  |TAMS 0x0000000086600000, 0x0000000086600000| Untracked 
|  59|0x0000000086700000, 0x0000000086700000, 0x0000000086800000|  0%| F|  |TAMS 0x0000000086700000, 0x0000000086700000| Untracked 
|  60|0x0000000086800000, 0x0000000086800000, 0x0000000086900000|  0%| F|  |TAMS 0x0000000086800000, 0x0000000086800000| Untracked 
|  61|0x0000000086900000, 0x0000000086900000, 0x0000000086a00000|  0%| F|  |TAMS 0x0000000086900000, 0x0000000086900000| Untracked 
|  62|0x0000000086a00000, 0x0000000086a00000, 0x0000000086b00000|  0%| F|  |TAMS 0x0000000086a00000, 0x0000000086a00000| Untracked 
|  63|0x0000000086b00000, 0x0000000086b00000, 0x0000000086c00000|  0%| F|  |TAMS 0x0000000086b00000, 0x0000000086b00000| Untracked 
|  64|0x0000000086c00000, 0x0000000086c00000, 0x0000000086d00000|  0%| F|  |TAMS 0x0000000086c00000, 0x0000000086c00000| Untracked 
|  65|0x0000000086d00000, 0x0000000086d00000, 0x0000000086e00000|  0%| F|  |TAMS 0x0000000086d00000, 0x0000000086d00000| Untracked 
|  66|0x0000000086e00000, 0x0000000086e00000, 0x0000000086f00000|  0%| F|  |TAMS 0x0000000086e00000, 0x0000000086e00000| Untracked 
|  67|0x0000000086f00000, 0x0000000086f00000, 0x0000000087000000|  0%| F|  |TAMS 0x0000000086f00000, 0x0000000086f00000| Untracked 
|  68|0x0000000087000000, 0x0000000087000000, 0x0000000087100000|  0%| F|  |TAMS 0x0000000087000000, 0x0000000087000000| Untracked 
|  69|0x0000000087100000, 0x0000000087182210, 0x0000000087200000| 50%| S|CS|TAMS 0x0000000087100000, 0x0000000087100000| Complete 
|  70|0x0000000087200000, 0x0000000087300000, 0x0000000087300000|100%| S|CS|TAMS 0x0000000087200000, 0x0000000087200000| Complete 
|  71|0x0000000087300000, 0x0000000087300000, 0x0000000087400000|  0%| F|  |TAMS 0x0000000087300000, 0x0000000087300000| Untracked 
|  72|0x0000000087400000, 0x0000000087400000, 0x0000000087500000|  0%| F|  |TAMS 0x0000000087400000, 0x0000000087400000| Untracked 
|  73|0x0000000087500000, 0x0000000087500000, 0x0000000087600000|  0%| F|  |TAMS 0x0000000087500000, 0x0000000087500000| Untracked 
|  74|0x0000000087600000, 0x0000000087600000, 0x0000000087700000|  0%| F|  |TAMS 0x0000000087600000, 0x0000000087600000| Untracked 
|  75|0x0000000087700000, 0x0000000087700000, 0x0000000087800000|  0%| F|  |TAMS 0x0000000087700000, 0x0000000087700000| Untracked 
|  76|0x0000000087800000, 0x0000000087800000, 0x0000000087900000|  0%| F|  |TAMS 0x0000000087800000, 0x0000000087800000| Untracked 
|  77|0x0000000087900000, 0x0000000087900000, 0x0000000087a00000|  0%| F|  |TAMS 0x0000000087900000, 0x0000000087900000| Untracked 
|  78|0x0000000087a00000, 0x0000000087a00000, 0x0000000087b00000|  0%| F|  |TAMS 0x0000000087a00000, 0x0000000087a00000| Untracked 
|  79|0x0000000087b00000, 0x0000000087b00000, 0x0000000087c00000|  0%| F|  |TAMS 0x0000000087b00000, 0x0000000087b00000| Untracked 
| 125|0x000000008a900000, 0x000000008a900000, 0x000000008aa00000|  0%| F|  |TAMS 0x000000008a900000, 0x000000008a900000| Untracked 
|1994|0x00000000ff600000, 0x00000000ff700000, 0x00000000ff700000|100%| O|  |TAMS 0x00000000ff700000, 0x00000000ff700000| Untracked 
|1995|0x00000000ff700000, 0x00000000ff800000, 0x00000000ff800000|100%| O|  |TAMS 0x00000000ff800000, 0x00000000ff800000| Untracked 
|1996|0x00000000ff800000, 0x00000000ff900000, 0x00000000ff900000|100%| O|  |TAMS 0x00000000ff900000, 0x00000000ff900000| Untracked 
|1997|0x00000000ff900000, 0x00000000ffa00000, 0x00000000ffa00000|100%| O|  |TAMS 0x00000000ffa00000, 0x00000000ffa00000| Untracked 
|1998|0x00000000ffa00000, 0x00000000ffb00000, 0x00000000ffb00000|100%| O|  |TAMS 0x00000000ffb00000, 0x00000000ffb00000| Untracked 
|1999|0x00000000ffb00000, 0x00000000ffc00000, 0x00000000ffc00000|100%| O|  |TAMS 0x00000000ffc00000, 0x00000000ffc00000| Untracked 
|2000|0x00000000ffc00000, 0x00000000ffd00000, 0x00000000ffd00000|100%| O|  |TAMS 0x00000000ffd00000, 0x00000000ffd00000| Untracked 
|2001|0x00000000ffd00000, 0x00000000ffe00000, 0x00000000ffe00000|100%| O|  |TAMS 0x00000000ffe00000, 0x00000000ffe00000| Untracked 
|2002|0x00000000ffe00000, 0x00000000fff00000, 0x00000000fff00000|100%| O|  |TAMS 0x00000000fff00000, 0x00000000fff00000| Untracked 
|2003|0x00000000fff00000, 0x0000000100000000, 0x0000000100000000|100%| O|  |TAMS 0x0000000100000000, 0x0000000100000000| Untracked 

Card table byte_map: [0x00000221bd840000,0x00000221bdc30000] _byte_map_base: 0x00000221bd42a000

Marking Bits (Prev, Next): (CMBitMap*) 0x00000221a68ce460, (CMBitMap*) 0x00000221a68ce420
 Prev Bits: [0x00000221bff70000, 0x00000221c1ec0000)
 Next Bits: [0x00000221be020000, 0x00000221bff70000)

Polling page: 0x00000221a4860000

Metaspace:

Usage:
  Non-class:     25.93 MB used.
      Class:      3.28 MB used.
       Both:     29.21 MB used.

Virtual space:
  Non-class space:       64.00 MB reserved,      26.06 MB ( 41%) committed,  1 nodes.
      Class space:        1.00 GB reserved,       3.44 MB ( <1%) committed,  1 nodes.
             Both:        1.06 GB reserved,      29.50 MB (  3%) committed. 

Chunk freelists:
   Non-Class:  5.56 MB
       Class:  12.59 MB
        Both:  18.16 MB

MaxMetaspaceSize: unlimited
CompressedClassSpaceSize: 1.00 GB
Initial GC threshold: 21.00 MB
Current GC threshold: 45.94 MB
CDS: on
MetaspaceReclaimPolicy: balanced
 - commit_granule_bytes: 65536.
 - commit_granule_words: 8192.
 - virtual_space_node_default_size: 8388608.
 - enlarge_chunks_in_place: 1.
 - new_chunks_are_fully_committed: 0.
 - uncommit_free_chunks: 1.
 - use_allocation_guard: 0.
 - handle_deallocations: 1.


Internal statistics:

num_allocs_failed_limit: 3.
num_arena_births: 192.
num_arena_deaths: 0.
num_vsnodes_births: 2.
num_vsnodes_deaths: 0.
num_space_committed: 472.
num_space_uncommitted: 0.
num_chunks_returned_to_freelist: 3.
num_chunks_taken_from_freelist: 1195.
num_chunk_merges: 0.
num_chunk_splits: 838.
num_chunks_enlarged: 677.
num_inconsistent_stats: 0.

CodeHeap 'non-profiled nmethods': size=120000Kb used=3139Kb max_used=3139Kb free=116861Kb
 bounds [0x00000221b5bf0000, 0x00000221b5f10000, 0x00000221bd120000]
CodeHeap 'profiled nmethods': size=120000Kb used=13569Kb max_used=13569Kb free=106430Kb
 bounds [0x00000221ae120000, 0x00000221aee70000, 0x00000221b5650000]
CodeHeap 'non-nmethods': size=5760Kb used=1218Kb max_used=1303Kb free=4541Kb
 bounds [0x00000221b5650000, 0x00000221b58c0000, 0x00000221b5bf0000]
 total_blobs=6817 nmethods=6299 adapters=428
 compilation: enabled
              stopped_count=0, restarted_count=0
 full_count=0

Compilation events (20 events):
Event: 10.568 Thread 0x00000221c48cefd0 7136       3       java.net.URI::<init> (13 bytes)
Event: 10.568 Thread 0x00000221c48cefd0 nmethod 7136 0x00000221aee57d90 code [0x00000221aee57f40, 0x00000221aee580a8]
Event: 10.568 Thread 0x00000221c48cefd0 7137       3       java.net.URI::toString (60 bytes)
Event: 10.569 Thread 0x00000221c48cefd0 nmethod 7137 0x00000221aee58190 code [0x00000221aee583c0, 0x00000221aee58a88]
Event: 10.569 Thread 0x00000221c48cefd0 7138       3       java.net.URI::appendSchemeSpecificPart (185 bytes)
Event: 10.571 Thread 0x00000221c48cefd0 nmethod 7138 0x00000221aee58d90 code [0x00000221aee59100, 0x00000221aee5a278]
Event: 10.571 Thread 0x00000221c48cefd0 7139       3       java.net.URI::appendAuthority (264 bytes)
Event: 10.573 Thread 0x00000221c48cefd0 nmethod 7139 0x00000221aee5aa10 code [0x00000221aee5aea0, 0x00000221aee5cad8]
Event: 10.579 Thread 0x00000221c48cefd0 7140       3       java.net.URI::isAbsolute (13 bytes)
Event: 10.579 Thread 0x00000221c48cefd0 nmethod 7140 0x00000221aee5d590 code [0x00000221aee5d720, 0x00000221aee5d898]
Event: 10.580 Thread 0x00000221c48cefd0 7141   !   3       java.io.File::toURI (69 bytes)
Event: 10.582 Thread 0x00000221c48cefd0 nmethod 7141 0x00000221aee5d910 code [0x00000221aee5dbe0, 0x00000221aee5e948]
Event: 10.590 Thread 0x00000221c48cefd0 7142       3       java.net.URI::toURL (5 bytes)
Event: 10.590 Thread 0x00000221c48cefd0 nmethod 7142 0x00000221aee5ef90 code [0x00000221aee5f120, 0x00000221aee5f248]
Event: 10.590 Thread 0x00000221c48cefd0 7143       3       java.net.URL::fromURI (143 bytes)
Event: 10.592 Thread 0x00000221c48cefd0 nmethod 7143 0x00000221aee5f310 code [0x00000221aee5f5e0, 0x00000221aee60348]
Event: 10.595 Thread 0x00000221c48ce610 nmethod 7126% 0x00000221b5d45290 code [0x00000221b5d454a0, 0x00000221b5d47028]
Event: 10.595 Thread 0x00000221c48ce610 7131       4       com.sun.tools.javac.code.Symtab::lookupPackage (259 bytes)
Event: 10.613 Thread 0x00000221c48cefd0 7145   !   3       java.io.File::toPath (54 bytes)
Event: 10.614 Thread 0x00000221c48cefd0 nmethod 7145 0x00000221aee60790 code [0x00000221aee60980, 0x00000221aee61028]

GC Heap History (20 events):
Event: 1.778 GC heap after
{Heap after GC invocations=1 (full 0):
 garbage-first heap   total 129024K, used 4224K [0x0000000082c00000, 0x0000000100000000)
  region size 1024K, 3 young (3072K), 3 survivors (3072K)
 Metaspace       used 7311K, committed 7488K, reserved 1114112K
  class space    used 836K, committed 960K, reserved 1048576K
}
Event: 2.333 GC heap before
{Heap before GC invocations=1 (full 0):
 garbage-first heap   total 129024K, used 33920K [0x0000000082c00000, 0x0000000100000000)
  region size 1024K, 32 young (32768K), 3 survivors (3072K)
 Metaspace       used 11245K, committed 11392K, reserved 1114112K
  class space    used 1322K, committed 1408K, reserved 1048576K
}
Event: 2.338 GC heap after
{Heap after GC invocations=2 (full 0):
 garbage-first heap   total 129024K, used 5815K [0x0000000082c00000, 0x0000000100000000)
  region size 1024K, 2 young (2048K), 2 survivors (2048K)
 Metaspace       used 11245K, committed 11392K, reserved 1114112K
  class space    used 1322K, committed 1408K, reserved 1048576K
}
Event: 4.461 GC heap before
{Heap before GC invocations=2 (full 0):
 garbage-first heap   total 129024K, used 80567K [0x0000000082c00000, 0x0000000100000000)
  region size 1024K, 75 young (76800K), 2 survivors (2048K)
 Metaspace       used 17212K, committed 17408K, reserved 1114112K
  class space    used 2011K, committed 2112K, reserved 1048576K
}
Event: 4.476 GC heap after
{Heap after GC invocations=3 (full 0):
 garbage-first heap   total 129024K, used 12742K [0x0000000082c00000, 0x0000000100000000)
  region size 1024K, 9 young (9216K), 9 survivors (9216K)
 Metaspace       used 17212K, committed 17408K, reserved 1114112K
  class space    used 2011K, committed 2112K, reserved 1048576K
}
Event: 6.498 GC heap before
{Heap before GC invocations=3 (full 0):
 garbage-first heap   total 129024K, used 80326K [0x0000000082c00000, 0x0000000100000000)
  region size 1024K, 75 young (76800K), 9 survivors (9216K)
 Metaspace       used 17920K, committed 18176K, reserved 1114112K
  class space    used 2030K, committed 2112K, reserved 1048576K
}
Event: 6.523 GC heap after
{Heap after GC invocations=4 (full 0):
 garbage-first heap   total 129024K, used 17780K [0x0000000082c00000, 0x0000000100000000)
  region size 1024K, 6 young (6144K), 6 survivors (6144K)
 Metaspace       used 17920K, committed 18176K, reserved 1114112K
  class space    used 2030K, committed 2112K, reserved 1048576K
}
Event: 7.663 GC heap before
{Heap before GC invocations=4 (full 0):
 garbage-first heap   total 129024K, used 96628K [0x0000000082c00000, 0x0000000100000000)
  region size 1024K, 52 young (53248K), 6 survivors (6144K)
 Metaspace       used 21170K, committed 21504K, reserved 1114112K
  class space    used 2377K, committed 2560K, reserved 1048576K
}
Event: 7.673 GC heap after
{Heap after GC invocations=5 (full 0):
 garbage-first heap   total 129024K, used 21291K [0x0000000082c00000, 0x0000000100000000)
  region size 1024K, 3 young (3072K), 3 survivors (3072K)
 Metaspace       used 21170K, committed 21504K, reserved 1114112K
  class space    used 2377K, committed 2560K, reserved 1048576K
}
Event: 8.719 GC heap before
{Heap before GC invocations=6 (full 0):
 garbage-first heap   total 75776K, used 64299K [0x0000000082c00000, 0x0000000100000000)
  region size 1024K, 44 young (45056K), 3 survivors (3072K)
 Metaspace       used 27057K, committed 27328K, reserved 1114112K
  class space    used 3061K, committed 3200K, reserved 1048576K
}
Event: 8.750 GC heap after
{Heap after GC invocations=7 (full 0):
 garbage-first heap   total 86016K, used 40747K [0x0000000082c00000, 0x0000000100000000)
  region size 1024K, 6 young (6144K), 6 survivors (6144K)
 Metaspace       used 27057K, committed 27328K, reserved 1114112K
  class space    used 3061K, committed 3200K, reserved 1048576K
}
Event: 8.763 GC heap before
{Heap before GC invocations=7 (full 0):
 garbage-first heap   total 86016K, used 41771K [0x0000000082c00000, 0x0000000100000000)
  region size 1024K, 7 young (7168K), 6 survivors (6144K)
 Metaspace       used 27058K, committed 27328K, reserved 1114112K
  class space    used 3061K, committed 3200K, reserved 1048576K
}
Event: 8.773 GC heap after
{Heap after GC invocations=8 (full 0):
 garbage-first heap   total 86016K, used 41384K [0x0000000082c00000, 0x0000000100000000)
  region size 1024K, 1 young (1024K), 1 survivors (1024K)
 Metaspace       used 27058K, committed 27328K, reserved 1114112K
  class space    used 3061K, committed 3200K, reserved 1048576K
}
Event: 9.077 GC heap before
{Heap before GC invocations=8 (full 0):
 garbage-first heap   total 86016K, used 61864K [0x0000000082c00000, 0x0000000100000000)
  region size 1024K, 22 young (22528K), 1 survivors (1024K)
 Metaspace       used 27510K, committed 27840K, reserved 1114112K
  class space    used 3119K, committed 3264K, reserved 1048576K
}
Event: 9.088 GC heap after
{Heap after GC invocations=9 (full 0):
 garbage-first heap   total 86016K, used 47616K [0x0000000082c00000, 0x0000000100000000)
  region size 1024K, 3 young (3072K), 3 survivors (3072K)
 Metaspace       used 27510K, committed 27840K, reserved 1114112K
  class space    used 3119K, committed 3264K, reserved 1048576K
}
Event: 9.328 GC heap before
{Heap before GC invocations=10 (full 0):
 garbage-first heap   total 89088K, used 60928K [0x0000000082c00000, 0x0000000100000000)
  region size 1024K, 17 young (17408K), 3 survivors (3072K)
 Metaspace       used 27833K, committed 28224K, reserved 1114112K
  class space    used 3134K, committed 3328K, reserved 1048576K
}
Event: 9.339 GC heap after
{Heap after GC invocations=11 (full 0):
 garbage-first heap   total 89088K, used 50578K [0x0000000082c00000, 0x0000000100000000)
  region size 1024K, 3 young (3072K), 3 survivors (3072K)
 Metaspace       used 27833K, committed 28224K, reserved 1114112K
  class space    used 3134K, committed 3328K, reserved 1048576K
}
Event: 10.276 GC heap before
{Heap before GC invocations=12 (full 0):
 garbage-first heap   total 91136K, used 69010K [0x0000000082c00000, 0x0000000100000000)
  region size 1024K, 20 young (20480K), 3 survivors (3072K)
 Metaspace       used 29857K, committed 30144K, reserved 1114112K
  class space    used 3358K, committed 3520K, reserved 1048576K
}
Event: 10.291 GC heap after
{Heap after GC invocations=13 (full 0):
 garbage-first heap   total 91136K, used 53026K [0x0000000082c00000, 0x0000000100000000)
  region size 1024K, 3 young (3072K), 3 survivors (3072K)
 Metaspace       used 29857K, committed 30144K, reserved 1114112K
  class space    used 3358K, committed 3520K, reserved 1048576K
}
Event: 10.620 GC heap before
{Heap before GC invocations=13 (full 0):
 garbage-first heap   total 91136K, used 60194K [0x0000000082c00000, 0x0000000100000000)
  region size 1024K, 11 young (11264K), 3 survivors (3072K)
 Metaspace       used 29908K, committed 30208K, reserved 1114112K
  class space    used 3358K, committed 3520K, reserved 1048576K
}

Deoptimization events (20 events):
Event: 10.547 Thread 0x00000221a6873a30 DEOPT PACKING pc=0x00000221b5cc3c90 sp=0x000000b4786fcc80
Event: 10.547 Thread 0x00000221a6873a30 DEOPT UNPACKING pc=0x00000221b56a23a3 sp=0x000000b4786fcc80 mode 2
Event: 10.547 Thread 0x00000221a6873a30 Uncommon trap: trap_request=0xffffffde fr.pc=0x00000221b5cc3c90 relative=0x0000000000004eb0
Event: 10.547 Thread 0x00000221a6873a30 Uncommon trap: reason=class_check action=maybe_recompile pc=0x00000221b5cc3c90 method=com.sun.tools.javac.code.Symtab.lookupPackage(Lcom/sun/tools/javac/code/Symbol$ModuleSymbol;Lcom/sun/tools/javac/util/Name;Z)Lcom/sun/tools/javac/code/Symbol$PackageSymb
Event: 10.547 Thread 0x00000221a6873a30 DEOPT PACKING pc=0x00000221b5cc3c90 sp=0x000000b4786fcc80
Event: 10.547 Thread 0x00000221a6873a30 DEOPT UNPACKING pc=0x00000221b56a23a3 sp=0x000000b4786fcc80 mode 2
Event: 10.547 Thread 0x00000221a6873a30 Uncommon trap: trap_request=0xffffffde fr.pc=0x00000221b5cc3c90 relative=0x0000000000004eb0
Event: 10.547 Thread 0x00000221a6873a30 Uncommon trap: reason=class_check action=maybe_recompile pc=0x00000221b5cc3c90 method=com.sun.tools.javac.code.Symtab.lookupPackage(Lcom/sun/tools/javac/code/Symbol$ModuleSymbol;Lcom/sun/tools/javac/util/Name;Z)Lcom/sun/tools/javac/code/Symbol$PackageSymb
Event: 10.547 Thread 0x00000221a6873a30 DEOPT PACKING pc=0x00000221b5cc3c90 sp=0x000000b4786fcc80
Event: 10.547 Thread 0x00000221a6873a30 DEOPT UNPACKING pc=0x00000221b56a23a3 sp=0x000000b4786fcc80 mode 2
Event: 10.601 Thread 0x00000221a6873a30 Uncommon trap: trap_request=0xffffffde fr.pc=0x00000221b5c2cdbc relative=0x00000000000011bc
Event: 10.601 Thread 0x00000221a6873a30 Uncommon trap: reason=class_check action=maybe_recompile pc=0x00000221b5c2cdbc method=jdk.internal.loader.URLClassPath.getLoader(I)Ljdk/internal/loader/URLClassPath$Loader; @ 88 c2
Event: 10.601 Thread 0x00000221a6873a30 DEOPT PACKING pc=0x00000221b5c2cdbc sp=0x000000b4786fce60
Event: 10.601 Thread 0x00000221a6873a30 DEOPT UNPACKING pc=0x00000221b56a23a3 sp=0x000000b4786fce60 mode 2
Event: 10.608 Thread 0x00000221a6873a30 Uncommon trap: trap_request=0xffffffde fr.pc=0x00000221b5c2cdbc relative=0x00000000000011bc
Event: 10.608 Thread 0x00000221a6873a30 Uncommon trap: reason=class_check action=maybe_recompile pc=0x00000221b5c2cdbc method=jdk.internal.loader.URLClassPath.getLoader(I)Ljdk/internal/loader/URLClassPath$Loader; @ 88 c2
Event: 10.608 Thread 0x00000221a6873a30 DEOPT PACKING pc=0x00000221b5c2cdbc sp=0x000000b4786fce60
Event: 10.608 Thread 0x00000221a6873a30 DEOPT UNPACKING pc=0x00000221b56a23a3 sp=0x000000b4786fce60 mode 2
Event: 10.612 Thread 0x00000221a6873a30 DEOPT PACKING pc=0x00000221aeae6431 sp=0x000000b4786fc570
Event: 10.612 Thread 0x00000221a6873a30 DEOPT UNPACKING pc=0x00000221b56a2b43 sp=0x000000b4786fbb00 mode 0

Classes unloaded (0 events):
No events

Classes redefined (0 events):
No events

Internal exceptions (20 events):
Event: 10.190 Thread 0x00000221a6873a30 Exception <a 'sun/nio/fs/WindowsException'{0x0000000086cff670}> (0x0000000086cff670) 
thrown [s\open\src\hotspot\share\prims\jni.cpp, line 516]
Event: 10.191 Thread 0x00000221a6873a30 Exception <a 'sun/nio/fs/WindowsException'{0x0000000086b02770}> (0x0000000086b02770) 
thrown [s\open\src\hotspot\share\prims\jni.cpp, line 516]
Event: 10.191 Thread 0x00000221a6873a30 Exception <a 'sun/nio/fs/WindowsException'{0x0000000086b02cd0}> (0x0000000086b02cd0) 
thrown [s\open\src\hotspot\share\prims\jni.cpp, line 516]
Event: 10.191 Thread 0x00000221a6873a30 Exception <a 'sun/nio/fs/WindowsException'{0x0000000086b07900}> (0x0000000086b07900) 
thrown [s\open\src\hotspot\share\prims\jni.cpp, line 516]
Event: 10.191 Thread 0x00000221a6873a30 Exception <a 'sun/nio/fs/WindowsException'{0x0000000086b07ea0}> (0x0000000086b07ea0) 
thrown [s\open\src\hotspot\share\prims\jni.cpp, line 516]
Event: 10.191 Thread 0x00000221a6873a30 Exception <a 'sun/nio/fs/WindowsException'{0x0000000086b09b40}> (0x0000000086b09b40) 
thrown [s\open\src\hotspot\share\prims\jni.cpp, line 516]
Event: 10.191 Thread 0x00000221a6873a30 Exception <a 'sun/nio/fs/WindowsException'{0x0000000086b0a170}> (0x0000000086b0a170) 
thrown [s\open\src\hotspot\share\prims\jni.cpp, line 516]
Event: 10.198 Thread 0x00000221a6873a30 Exception <a 'sun/nio/fs/WindowsException'{0x0000000086b2ca40}> (0x0000000086b2ca40) 
thrown [s\open\src\hotspot\share\prims\jni.cpp, line 516]
Event: 10.198 Thread 0x00000221a6873a30 Exception <a 'sun/nio/fs/WindowsException'{0x0000000086b2cf68}> (0x0000000086b2cf68) 
thrown [s\open\src\hotspot\share\prims\jni.cpp, line 516]
Event: 10.199 Thread 0x00000221a6873a30 Exception <a 'sun/nio/fs/WindowsException'{0x0000000086b3cf88}> (0x0000000086b3cf88) 
thrown [s\open\src\hotspot\share\prims\jni.cpp, line 516]
Event: 10.199 Thread 0x00000221a6873a30 Exception <a 'sun/nio/fs/WindowsException'{0x0000000086b3d460}> (0x0000000086b3d460) 
thrown [s\open\src\hotspot\share\prims\jni.cpp, line 516]
Event: 10.201 Thread 0x00000221a6873a30 Exception <a 'sun/nio/fs/WindowsException'{0x0000000086b6e520}> (0x0000000086b6e520) 
thrown [s\open\src\hotspot\share\prims\jni.cpp, line 516]
Event: 10.201 Thread 0x00000221a6873a30 Exception <a 'sun/nio/fs/WindowsException'{0x0000000086b6ea40}> (0x0000000086b6ea40) 
thrown [s\open\src\hotspot\share\prims\jni.cpp, line 516]
Event: 10.201 Thread 0x00000221a6873a30 Exception <a 'sun/nio/fs/WindowsException'{0x0000000086b710f0}> (0x0000000086b710f0) 
thrown [s\open\src\hotspot\share\prims\jni.cpp, line 516]
Event: 10.201 Thread 0x00000221a6873a30 Exception <a 'sun/nio/fs/WindowsException'{0x0000000086b71690}> (0x0000000086b71690) 
thrown [s\open\src\hotspot\share\prims\jni.cpp, line 516]
Event: 10.499 Thread 0x00000221a6873a30 Exception <a 'sun/nio/fs/WindowsException'{0x0000000087545838}> (0x0000000087545838) 
thrown [s\open\src\hotspot\share\prims\jni.cpp, line 516]
Event: 10.545 Thread 0x00000221a6873a30 Exception <a 'sun/nio/fs/WindowsException'{0x0000000087476ce8}> (0x0000000087476ce8) 
thrown [s\open\src\hotspot\share\prims\jni.cpp, line 516]
Event: 10.545 Thread 0x00000221a6873a30 Exception <a 'sun/nio/fs/WindowsException'{0x00000000874770d0}> (0x00000000874770d0) 
thrown [s\open\src\hotspot\share\prims\jni.cpp, line 516]
Event: 10.550 Thread 0x00000221a6873a30 Exception <a 'sun/nio/fs/WindowsException'{0x00000000874b9280}> (0x00000000874b9280) 
thrown [s\open\src\hotspot\share\prims\jni.cpp, line 516]
Event: 10.550 Thread 0x00000221a6873a30 Exception <a 'sun/nio/fs/WindowsException'{0x00000000874b94b0}> (0x00000000874b94b0) 
thrown [s\open\src\hotspot\share\prims\jni.cpp, line 516]

VM Operations (20 events):
Event: 9.570 Executing VM operation: HandshakeAllThreads done
Event: 9.574 Executing VM operation: ICBufferFull
Event: 9.574 Executing VM operation: ICBufferFull done
Event: 9.614 Executing VM operation: HandshakeAllThreads
Event: 9.614 Executing VM operation: HandshakeAllThreads done
Event: 9.616 Executing VM operation: HandshakeAllThreads
Event: 9.616 Executing VM operation: HandshakeAllThreads done
Event: 9.781 Executing VM operation: ICBufferFull
Event: 9.781 Executing VM operation: ICBufferFull done
Event: 9.926 Executing VM operation: ICBufferFull
Event: 9.926 Executing VM operation: ICBufferFull done
Event: 10.091 Executing VM operation: HandshakeAllThreads
Event: 10.091 Executing VM operation: HandshakeAllThreads done
Event: 10.117 Executing VM operation: ICBufferFull
Event: 10.117 Executing VM operation: ICBufferFull done
Event: 10.210 Executing VM operation: ICBufferFull
Event: 10.210 Executing VM operation: ICBufferFull done
Event: 10.276 Executing VM operation: G1CollectForAllocation
Event: 10.291 Executing VM operation: G1CollectForAllocation done
Event: 10.620 Executing VM operation: G1TryInitiateConcMark

Events (20 events):
Event: 9.878 loading class java/util/stream/ReferencePipeline$4
Event: 9.879 loading class java/util/stream/ReferencePipeline$4 done
Event: 9.879 loading class java/util/stream/Nodes$IntFixedNodeBuilder
Event: 9.879 loading class java/util/stream/Node$Builder$OfInt
Event: 9.880 loading class java/util/stream/Node$Builder$OfInt done
Event: 9.880 loading class java/util/stream/Nodes$IntArrayNode
Event: 9.880 loading class java/util/stream/Nodes$IntArrayNode done
Event: 9.880 loading class java/util/stream/Nodes$IntFixedNodeBuilder done
Event: 9.880 loading class java/util/stream/ReferencePipeline$4$1
Event: 9.880 loading class java/util/stream/ReferencePipeline$4$1 done
Event: 10.115 loading class java/io/DataOutputStream
Event: 10.116 loading class java/io/DataOutputStream done
Event: 10.232 loading class java/util/EnumMap$Values
Event: 10.233 loading class java/util/EnumMap$Values done
Event: 10.234 loading class java/util/EnumMap$ValueIterator
Event: 10.234 loading class java/util/EnumMap$ValueIterator done
Event: 10.240 loading class java/util/WeakHashMap$KeyIterator
Event: 10.240 loading class java/util/WeakHashMap$HashIterator
Event: 10.241 loading class java/util/WeakHashMap$HashIterator done
Event: 10.241 loading class java/util/WeakHashMap$KeyIterator done


Dynamic libraries:
0x00007ff60c4d0000 - 0x00007ff60c4e0000 	C:\Program Files\Java\jdk-17\bin\javaw.exe
0x00007fffc3910000 - 0x00007fffc3b08000 	C:\Windows\SYSTEM32\ntdll.dll
0x00007fffc1d30000 - 0x00007fffc1ded000 	C:\Windows\System32\KERNEL32.DLL
0x00007fffc14c0000 - 0x00007fffc17b6000 	C:\Windows\System32\KERNELBASE.dll
0x00007fffc13c0000 - 0x00007fffc14c0000 	C:\Windows\System32\ucrtbase.dll
0x00007fffaf4a0000 - 0x00007fffaf4bb000 	C:\Program Files\Java\jdk-17\bin\VCRUNTIME140.dll
0x00007fffb4410000 - 0x00007fffb4429000 	C:\Program Files\Java\jdk-17\bin\jli.dll
0x00007fffc19d0000 - 0x00007fffc1a80000 	C:\Windows\System32\ADVAPI32.dll
0x00007fffc27f0000 - 0x00007fffc288e000 	C:\Windows\System32\msvcrt.dll
0x00007fffc2090000 - 0x00007fffc2130000 	C:\Windows\System32\sechost.dll
0x00007fffc1a80000 - 0x00007fffc1ba3000 	C:\Windows\System32\RPCRT4.dll
0x00007fffc17c0000 - 0x00007fffc17e7000 	C:\Windows\System32\bcrypt.dll
0x00007fffc2130000 - 0x00007fffc22cf000 	C:\Windows\System32\USER32.dll
0x00007fff9d570000 - 0x00007fff9d80a000 	C:\Windows\WinSxS\amd64_microsoft.windows.common-controls_6595b64144ccf1df_6.0.19041.4355_none_60b8b9eb71f62e16\COMCTL32.dll
0x00007fffc1390000 - 0x00007fffc13b2000 	C:\Windows\System32\win32u.dll
0x00007fffc1ee0000 - 0x00007fffc1f0b000 	C:\Windows\System32\GDI32.dll
0x00007fffc1270000 - 0x00007fffc1387000 	C:\Windows\System32\gdi32full.dll
0x00007fffc1860000 - 0x00007fffc18fd000 	C:\Windows\System32\msvcp_win.dll
0x00007fffbac90000 - 0x00007fffbac9a000 	C:\Windows\SYSTEM32\VERSION.dll
0x00007fffc38a0000 - 0x00007fffc38cf000 	C:\Windows\System32\IMM32.DLL
0x00007fffbb290000 - 0x00007fffbb29c000 	C:\Program Files\Java\jdk-17\bin\vcruntime140_1.dll
0x00007fff97f40000 - 0x00007fff97fce000 	C:\Program Files\Java\jdk-17\bin\msvcp140.dll
0x00007fff5e290000 - 0x00007fff5ee71000 	C:\Program Files\Java\jdk-17\bin\server\jvm.dll
0x00007fffc1bb0000 - 0x00007fffc1bb8000 	C:\Windows\System32\PSAPI.DLL
0x00007fffa35c0000 - 0x00007fffa35e7000 	C:\Windows\SYSTEM32\WINMM.dll
0x00007fffb8cc0000 - 0x00007fffb8cc9000 	C:\Windows\SYSTEM32\WSOCK32.dll
0x00007fffc3000000 - 0x00007fffc306b000 	C:\Windows\System32\WS2_32.dll
0x00007fffbf7a0000 - 0x00007fffbf7b2000 	C:\Windows\SYSTEM32\kernel.appcore.dll
0x00007fffb9560000 - 0x00007fffb956a000 	C:\Program Files\Java\jdk-17\bin\jimage.dll
0x00007fffbeb90000 - 0x00007fffbed74000 	C:\Windows\SYSTEM32\DBGHELP.DLL
0x00007fffba330000 - 0x00007fffba364000 	C:\Windows\SYSTEM32\dbgcore.DLL
0x00007fffc1130000 - 0x00007fffc11b2000 	C:\Windows\System32\bcryptPrimitives.dll
0x00007fffa4e50000 - 0x00007fffa4e75000 	C:\Program Files\Java\jdk-17\bin\java.dll
0x00007fff90710000 - 0x00007fff907e7000 	C:\Program Files\Java\jdk-17\bin\jsvml.dll
0x00007fffc3120000 - 0x00007fffc388c000 	C:\Windows\System32\SHELL32.dll
0x00007fffbeff0000 - 0x00007fffbf78d000 	C:\Windows\SYSTEM32\windows.storage.dll
0x00007fffc2b70000 - 0x00007fffc2ec3000 	C:\Windows\System32\combase.dll
0x00007fffc0840000 - 0x00007fffc086e000 	C:\Windows\SYSTEM32\Wldp.dll
0x00007fffc2aa0000 - 0x00007fffc2b6d000 	C:\Windows\System32\OLEAUT32.dll
0x00007fffc3070000 - 0x00007fffc311d000 	C:\Windows\System32\SHCORE.dll
0x00007fffc2890000 - 0x00007fffc28e5000 	C:\Windows\System32\shlwapi.dll
0x00007fffc0f00000 - 0x00007fffc0f24000 	C:\Windows\SYSTEM32\profapi.dll
0x00007fffa4ee0000 - 0x00007fffa4ef9000 	C:\Program Files\Java\jdk-17\bin\net.dll
0x00007fffb8e80000 - 0x00007fffb8f8a000 	C:\Windows\SYSTEM32\WINHTTP.dll
0x00007fffc0620000 - 0x00007fffc068a000 	C:\Windows\system32\mswsock.dll
0x00007fffa4e30000 - 0x00007fffa4e46000 	C:\Program Files\Java\jdk-17\bin\nio.dll
0x00007fffa4dc0000 - 0x00007fffa4dd8000 	C:\Program Files\Java\jdk-17\bin\zip.dll
0x0000000069ac0000 - 0x0000000069ae4000 	C:\Users\Admin\AppData\Local\Temp\jansi-2.4.0-d592b66a92e8005b-jansi.dll
0x00007fffb7860000 - 0x00007fffb7870000 	C:\Program Files\Java\jdk-17\bin\verify.dll
0x00007fffc0320000 - 0x00007fffc035b000 	C:\Windows\SYSTEM32\IPHLPAPI.DLL
0x00007fffc3890000 - 0x00007fffc3898000 	C:\Windows\System32\NSI.dll
0x00007fffba070000 - 0x00007fffba087000 	C:\Windows\SYSTEM32\dhcpcsvc6.DLL
0x00007fffba8d0000 - 0x00007fffba8ed000 	C:\Windows\SYSTEM32\dhcpcsvc.DLL
0x00007fffc0360000 - 0x00007fffc042a000 	C:\Windows\SYSTEM32\DNSAPI.dll

dbghelp: loaded successfully - version: 4.0.5 - missing functions: none
symbol engine: initialized successfully - sym options: 0x614 - pdb path: .;C:\Program Files\Java\jdk-17\bin;C:\Windows\SYSTEM32;C:\Windows\WinSxS\amd64_microsoft.windows.common-controls_6595b64144ccf1df_6.0.19041.4355_none_60b8b9eb71f62e16;C:\Program Files\Java\jdk-17\bin\server;C:\Users\Admin\AppData\Local\Temp

VM Arguments:
jvm_args: -Dmaven.home=EMBEDDED -Dclassworlds.conf=C:\Users\Admin\Documents\workspace-spring-tool-suite-4-4.20.0.RELEASE\.metadata\.plugins\org.eclipse.m2e.launching\launches\m2conf5667629436502550723.tmp -Dmaven.multiModuleProjectDirectory=C:\Users\Admin\Documents\DesarrollosUdm\crud_springboot_jwt_angular\sistema.crud.productos -Dm2e.build.project.data.socket.port=63403 -Dfile.encoding=UTF-8 -Dstdout.encoding=UTF-8 -Dstderr.encoding=UTF-8 -XX:+ShowCodeDetailsInExceptionMessages 
java_command: org.codehaus.plexus.classworlds.launcher.Launcher -B -Dstyle.color=always install
java_class_path (initial): C:\Users\Admin\Downloads\sts-4.20.0.RELEASE\plugins\org.eclipse.m2e.maven.runtime_3.9.400.20230826-0755\jars\plexus-classworlds-2.7.0.jar
Launcher Type: SUN_STANDARD

[Global flags]
     intx CICompilerCount                          = 4                                         {product} {ergonomic}
     uint ConcGCThreads                            = 2                                         {product} {ergonomic}
     uint G1ConcRefinementThreads                  = 8                                         {product} {ergonomic}
   size_t G1HeapRegionSize                         = 1048576                                   {product} {ergonomic}
    uintx GCDrainStackTargetSize                   = 64                                        {product} {ergonomic}
   size_t InitialHeapSize                          = 132120576                                 {product} {ergonomic}
   size_t MarkStackSize                            = 4194304                                   {product} {ergonomic}
   size_t MaxHeapSize                              = 2101346304                                {product} {ergonomic}
   size_t MaxNewSize                               = 1260388352                                {product} {ergonomic}
   size_t MinHeapDeltaBytes                        = 1048576                                   {product} {ergonomic}
   size_t MinHeapSize                              = 8388608                                   {product} {ergonomic}
    uintx NonNMethodCodeHeapSize                   = 5839372                                {pd product} {ergonomic}
    uintx NonProfiledCodeHeapSize                  = 122909434                              {pd product} {ergonomic}
    uintx ProfiledCodeHeapSize                     = 122909434                              {pd product} {ergonomic}
    uintx ReservedCodeCacheSize                    = 251658240                              {pd product} {ergonomic}
     bool SegmentedCodeCache                       = true                                      {product} {ergonomic}
     bool ShowCodeDetailsInExceptionMessages       = true                                   {manageable} {command line}
   size_t SoftMaxHeapSize                          = 2101346304                             {manageable} {ergonomic}
     bool UseCompressedClassPointers               = true                           {product lp64_product} {ergonomic}
     bool UseCompressedOops                        = true                           {product lp64_product} {ergonomic}
     bool UseG1GC                                  = true                                      {product} {ergonomic}
     bool UseLargePagesIndividualAllocation        = false                                  {pd product} {ergonomic}

Logging:
Log output configuration:
 #0: stdout all=warning uptime,level,tags
 #1: stderr all=off uptime,level,tags

Environment Variables:
PATH=C:/Users/Admin/Downloads/sts-4.20.0.RELEASE//plugins/org.eclipse.justj.openjdk.hotspot.jre.full.win32.x86_64_17.0.8.v20230831-1047/jre/bin/server;C:/Users/Admin/Downloads/sts-4.20.0.RELEASE//plugins/org.eclipse.justj.openjdk.hotspot.jre.full.win32.x86_64_17.0.8.v20230831-1047/jre/bin;C:\Python311\Scripts\;C:\Python311\;C:\Program Files\Common Files\Oracle\Java\javapath;C:\Program Files (x86)\Common Files\Oracle\Java\javapath;C:\Windows\system32;C:\Windows;C:\Windows\System32\Wbem;C:\Windows\System32\WindowsPowerShell\v1.0\;C:\Windows\System32\OpenSSH\;C:\Go\bin;C:\ProgramData\chocolatey\bin;C:\Program Files\Git\cmd;C:\Program Files\apache-maven-3.9.4\bin;C:\Program Files\nodejs\;;C:\Program Files\Docker\Docker\resources\bin;C:\Program Files (x86)\Common Files\Pulse Secure\VC142.CRT\X64\;C:\Program Files (x86)\Common Files\Pulse Secure\VC142.CRT\X86\;C:\Program Files (x86)\Pulse Secure\VC142.CRT\X64\;C:\Program Files (x86)\Pulse Secure\VC142.CRT\X86\;C:\Program Files (x86)\Common Files\Pulse Secure\TNC Client Plugin\;C:\Users\Admin\AppData\Local\Microsoft\WindowsApps;C:\gocode\bin;C:\Users\Admin\AppData\Local\Programs\Microsoft VS Code\bin;C:\Users\Admin\AppData\Local\GitHubDesktop\bin;C:\Users\Admin\AppData\Roaming\npm;C:\Users\Admin\.gvm\scripts;;C:\Users\Admin\Downloads\sts-4.20.0.RELEASE;
USERNAME=Admin
OS=Windows_NT
PROCESSOR_IDENTIFIER=Intel64 Family 6 Model 142 Stepping 12, GenuineIntel



---------------  S Y S T E M  ---------------

OS:
 Windows 10 , 64 bit Build 19041 (10.0.19041.3636)
OS uptime: 10 days 3:04 hours
Hyper-V role detected

CPU: total 8 (initial active 8) (4 cores per cpu, 2 threads per core) family 6 model 142 stepping 12 microcode 0xde, cx8, cmov, fxsr, ht, mmx, 3dnowpref, sse, sse2, sse3, ssse3, sse4.1, sse4.2, popcnt, lzcnt, tsc, tscinvbit, avx, avx2, aes, erms, clmul, bmi1, bmi2, adx, fma, vzeroupper, clflush, clflushopt, hv

Memory: 4k page, system-wide physical 8014M (210M free)
TotalPageFile size 32590M (AvailPageFile size 46M)
current process WorkingSet (physical memory assigned to process): 229M, peak: 240M
current process commit charge ("private bytes"): 264M, peak: 304M

vm_info: Java HotSpot(TM) 64-Bit Server VM (17.0.9+11-LTS-201) for windows-amd64 JRE (17.0.9+11-LTS-201), built on Oct 10 2023 23:16:06 by "mach5one" with MS VC++ 17.1 (VS2022)

END.
